<?xml version="1.0" encoding="UTF-8"?>
<testsuite xmlns:xsi="http://www.w3.org/2001/XMLSchema-instance" xsi:noNamespaceSchemaLocation="https://maven.apache.org/surefire/maven-surefire-plugin/xsd/surefire-test-report.xsd" name="com.example.stategrid.StategridApplicationTests" time="5.258" tests="1" errors="0" skipped="0" failures="0">
  <properties>
    <property name="sun.desktop" value="windows"/>
    <property name="awt.toolkit" value="sun.awt.windows.WToolkit"/>
    <property name="file.encoding.pkg" value="sun.io"/>
    <property name="java.specification.version" value="1.8"/>
    <property name="sun.cpu.isalist" value="amd64"/>
    <property name="sun.jnu.encoding" value="GBK"/>
    <property name="java.class.path" value="D:\IntelliJ IDEA 2019.1.3-workspaces\StateGrid\stategrid\target\test-classes;D:\IntelliJ IDEA 2019.1.3-workspaces\StateGrid\stategrid\target\classes;D:\Maven\maven-localRepository\org\springframework\boot\spring-boot-starter-jdbc\2.7.4\spring-boot-starter-jdbc-2.7.4.jar;D:\Maven\maven-localRepository\org\springframework\boot\spring-boot-starter\2.7.4\spring-boot-starter-2.7.4.jar;D:\Maven\maven-localRepository\org\springframework\boot\spring-boot-starter-logging\2.7.4\spring-boot-starter-logging-2.7.4.jar;D:\Maven\maven-localRepository\ch\qos\logback\logback-classic\1.2.11\logback-classic-1.2.11.jar;D:\Maven\maven-localRepository\ch\qos\logback\logback-core\1.2.11\logback-core-1.2.11.jar;D:\Maven\maven-localRepository\org\apache\logging\log4j\log4j-to-slf4j\2.17.2\log4j-to-slf4j-2.17.2.jar;D:\Maven\maven-localRepository\org\apache\logging\log4j\log4j-api\2.17.2\log4j-api-2.17.2.jar;D:\Maven\maven-localRepository\org\slf4j\jul-to-slf4j\1.7.36\jul-to-slf4j-1.7.36.jar;D:\Maven\maven-localRepository\jakarta\annotation\jakarta.annotation-api\1.3.5\jakarta.annotation-api-1.3.5.jar;D:\Maven\maven-localRepository\org\yaml\snakeyaml\1.30\snakeyaml-1.30.jar;D:\Maven\maven-localRepository\com\zaxxer\HikariCP\4.0.3\HikariCP-4.0.3.jar;D:\Maven\maven-localRepository\org\slf4j\slf4j-api\1.7.36\slf4j-api-1.7.36.jar;D:\Maven\maven-localRepository\org\springframework\spring-jdbc\5.3.23\spring-jdbc-5.3.23.jar;D:\Maven\maven-localRepository\org\springframework\spring-beans\5.3.23\spring-beans-5.3.23.jar;D:\Maven\maven-localRepository\org\springframework\spring-tx\5.3.23\spring-tx-5.3.23.jar;D:\Maven\maven-localRepository\org\springframework\boot\spring-boot-starter-web\2.7.4\spring-boot-starter-web-2.7.4.jar;D:\Maven\maven-localRepository\org\springframework\boot\spring-boot-starter-json\2.7.4\spring-boot-starter-json-2.7.4.jar;D:\Maven\maven-localRepository\com\fasterxml\jackson\core\jackson-databind\2.13.4\jackson-databind-2.13.4.jar;D:\Maven\maven-localRepository\com\fasterxml\jackson\core\jackson-annotations\2.13.4\jackson-annotations-2.13.4.jar;D:\Maven\maven-localRepository\com\fasterxml\jackson\core\jackson-core\2.13.4\jackson-core-2.13.4.jar;D:\Maven\maven-localRepository\com\fasterxml\jackson\datatype\jackson-datatype-jdk8\2.13.4\jackson-datatype-jdk8-2.13.4.jar;D:\Maven\maven-localRepository\com\fasterxml\jackson\datatype\jackson-datatype-jsr310\2.13.4\jackson-datatype-jsr310-2.13.4.jar;D:\Maven\maven-localRepository\com\fasterxml\jackson\module\jackson-module-parameter-names\2.13.4\jackson-module-parameter-names-2.13.4.jar;D:\Maven\maven-localRepository\org\springframework\boot\spring-boot-starter-tomcat\2.7.4\spring-boot-starter-tomcat-2.7.4.jar;D:\Maven\maven-localRepository\org\apache\tomcat\embed\tomcat-embed-core\9.0.65\tomcat-embed-core-9.0.65.jar;D:\Maven\maven-localRepository\org\apache\tomcat\embed\tomcat-embed-el\9.0.65\tomcat-embed-el-9.0.65.jar;D:\Maven\maven-localRepository\org\apache\tomcat\embed\tomcat-embed-websocket\9.0.65\tomcat-embed-websocket-9.0.65.jar;D:\Maven\maven-localRepository\org\springframework\spring-web\5.3.23\spring-web-5.3.23.jar;D:\Maven\maven-localRepository\org\springframework\spring-webmvc\5.3.23\spring-webmvc-5.3.23.jar;D:\Maven\maven-localRepository\org\springframework\spring-aop\5.3.23\spring-aop-5.3.23.jar;D:\Maven\maven-localRepository\org\springframework\spring-context\5.3.23\spring-context-5.3.23.jar;D:\Maven\maven-localRepository\org\springframework\spring-expression\5.3.23\spring-expression-5.3.23.jar;D:\Maven\maven-localRepository\org\mybatis\spring\boot\mybatis-spring-boot-starter\2.2.2\mybatis-spring-boot-starter-2.2.2.jar;D:\Maven\maven-localRepository\org\mybatis\spring\boot\mybatis-spring-boot-autoconfigure\2.2.2\mybatis-spring-boot-autoconfigure-2.2.2.jar;D:\Maven\maven-localRepository\org\mybatis\mybatis\3.5.9\mybatis-3.5.9.jar;D:\Maven\maven-localRepository\org\mybatis\mybatis-spring\2.0.7\mybatis-spring-2.0.7.jar;D:\Maven\maven-localRepository\org\springframework\boot\spring-boot-devtools\2.7.4\spring-boot-devtools-2.7.4.jar;D:\Maven\maven-localRepository\org\springframework\boot\spring-boot\2.7.4\spring-boot-2.7.4.jar;D:\Maven\maven-localRepository\org\springframework\boot\spring-boot-autoconfigure\2.7.4\spring-boot-autoconfigure-2.7.4.jar;D:\Maven\maven-localRepository\mysql\mysql-connector-java\8.0.30\mysql-connector-java-8.0.30.jar;D:\Maven\maven-localRepository\org\springframework\boot\spring-boot-starter-test\2.7.4\spring-boot-starter-test-2.7.4.jar;D:\Maven\maven-localRepository\org\springframework\boot\spring-boot-test\2.7.4\spring-boot-test-2.7.4.jar;D:\Maven\maven-localRepository\org\springframework\boot\spring-boot-test-autoconfigure\2.7.4\spring-boot-test-autoconfigure-2.7.4.jar;D:\Maven\maven-localRepository\com\jayway\jsonpath\json-path\2.7.0\json-path-2.7.0.jar;D:\Maven\maven-localRepository\net\minidev\json-smart\2.4.8\json-smart-2.4.8.jar;D:\Maven\maven-localRepository\net\minidev\accessors-smart\2.4.8\accessors-smart-2.4.8.jar;D:\Maven\maven-localRepository\org\ow2\asm\asm\9.1\asm-9.1.jar;D:\Maven\maven-localRepository\jakarta\xml\bind\jakarta.xml.bind-api\2.3.3\jakarta.xml.bind-api-2.3.3.jar;D:\Maven\maven-localRepository\jakarta\activation\jakarta.activation-api\1.2.2\jakarta.activation-api-1.2.2.jar;D:\Maven\maven-localRepository\org\assertj\assertj-core\3.22.0\assertj-core-3.22.0.jar;D:\Maven\maven-localRepository\org\hamcrest\hamcrest\2.2\hamcrest-2.2.jar;D:\Maven\maven-localRepository\org\junit\jupiter\junit-jupiter\5.8.2\junit-jupiter-5.8.2.jar;D:\Maven\maven-localRepository\org\junit\jupiter\junit-jupiter-api\5.8.2\junit-jupiter-api-5.8.2.jar;D:\Maven\maven-localRepository\org\opentest4j\opentest4j\1.2.0\opentest4j-1.2.0.jar;D:\Maven\maven-localRepository\org\junit\platform\junit-platform-commons\1.8.2\junit-platform-commons-1.8.2.jar;D:\Maven\maven-localRepository\org\apiguardian\apiguardian-api\1.1.2\apiguardian-api-1.1.2.jar;D:\Maven\maven-localRepository\org\junit\jupiter\junit-jupiter-params\5.8.2\junit-jupiter-params-5.8.2.jar;D:\Maven\maven-localRepository\org\junit\jupiter\junit-jupiter-engine\5.8.2\junit-jupiter-engine-5.8.2.jar;D:\Maven\maven-localRepository\org\junit\platform\junit-platform-engine\1.8.2\junit-platform-engine-1.8.2.jar;D:\Maven\maven-localRepository\org\mockito\mockito-core\4.5.1\mockito-core-4.5.1.jar;D:\Maven\maven-localRepository\net\bytebuddy\byte-buddy\1.12.17\byte-buddy-1.12.17.jar;D:\Maven\maven-localRepository\net\bytebuddy\byte-buddy-agent\1.12.17\byte-buddy-agent-1.12.17.jar;D:\Maven\maven-localRepository\org\objenesis\objenesis\3.2\objenesis-3.2.jar;D:\Maven\maven-localRepository\org\mockito\mockito-junit-jupiter\4.5.1\mockito-junit-jupiter-4.5.1.jar;D:\Maven\maven-localRepository\org\skyscreamer\jsonassert\1.5.1\jsonassert-1.5.1.jar;D:\Maven\maven-localRepository\com\vaadin\external\google\android-json\0.0.20131108.vaadin1\android-json-0.0.20131108.vaadin1.jar;D:\Maven\maven-localRepository\org\springframework\spring-core\5.3.23\spring-core-5.3.23.jar;D:\Maven\maven-localRepository\org\springframework\spring-jcl\5.3.23\spring-jcl-5.3.23.jar;D:\Maven\maven-localRepository\org\springframework\spring-test\5.3.23\spring-test-5.3.23.jar;D:\Maven\maven-localRepository\org\xmlunit\xmlunit-core\2.9.0\xmlunit-core-2.9.0.jar;D:\Maven\maven-localRepository\org\projectlombok\lombok\1.18.24\lombok-1.18.24.jar;D:\Maven\maven-localRepository\com\baomidou\mybatis-plus-boot-starter\3.4.3.4\mybatis-plus-boot-starter-3.4.3.4.jar;D:\Maven\maven-localRepository\com\baomidou\mybatis-plus\3.4.3.4\mybatis-plus-3.4.3.4.jar;D:\Maven\maven-localRepository\com\baomidou\mybatis-plus-extension\3.4.3.4\mybatis-plus-extension-3.4.3.4.jar;D:\Maven\maven-localRepository\com\baomidou\mybatis-plus-core\3.4.3.4\mybatis-plus-core-3.4.3.4.jar;D:\Maven\maven-localRepository\com\baomidou\mybatis-plus-annotation\3.4.3.4\mybatis-plus-annotation-3.4.3.4.jar;D:\Maven\maven-localRepository\com\github\jsqlparser\jsqlparser\4.2\jsqlparser-4.2.jar;"/>
    <property name="java.vm.vendor" value="Oracle Corporation"/>
    <property name="sun.arch.data.model" value="64"/>
    <property name="user.variant" value=""/>
    <property name="java.vendor.url" value="http://java.oracle.com/"/>
    <property name="user.timezone" value="Asia/Shanghai"/>
    <property name="java.vm.specification.version" value="1.8"/>
    <property name="os.name" value="Windows 10"/>
    <property name="user.country" value="CN"/>
    <property name="sun.java.launcher" value="SUN_STANDARD"/>
    <property name="sun.boot.library.path" value="D:\JDKAndJREfor1.8\JDK8u241\jre\bin"/>
    <property name="sun.java.command" value="C:\Users\MR3E9D~1.CHE\AppData\Local\Temp\surefire3323391613606752120\surefirebooter7279577392983362948.jar C:\Users\Mr.Chestnut\AppData\Local\Temp\surefire3323391613606752120 2022-10-19T20-21-01_959-jvmRun1 surefire6764626983547726291tmp surefire_070371099389553079tmp"/>
    <property name="surefire.test.class.path" value="D:\IntelliJ IDEA 2019.1.3-workspaces\StateGrid\stategrid\target\test-classes;D:\IntelliJ IDEA 2019.1.3-workspaces\StateGrid\stategrid\target\classes;D:\Maven\maven-localRepository\org\springframework\boot\spring-boot-starter-jdbc\2.7.4\spring-boot-starter-jdbc-2.7.4.jar;D:\Maven\maven-localRepository\org\springframework\boot\spring-boot-starter\2.7.4\spring-boot-starter-2.7.4.jar;D:\Maven\maven-localRepository\org\springframework\boot\spring-boot-starter-logging\2.7.4\spring-boot-starter-logging-2.7.4.jar;D:\Maven\maven-localRepository\ch\qos\logback\logback-classic\1.2.11\logback-classic-1.2.11.jar;D:\Maven\maven-localRepository\ch\qos\logback\logback-core\1.2.11\logback-core-1.2.11.jar;D:\Maven\maven-localRepository\org\apache\logging\log4j\log4j-to-slf4j\2.17.2\log4j-to-slf4j-2.17.2.jar;D:\Maven\maven-localRepository\org\apache\logging\log4j\log4j-api\2.17.2\log4j-api-2.17.2.jar;D:\Maven\maven-localRepository\org\slf4j\jul-to-slf4j\1.7.36\jul-to-slf4j-1.7.36.jar;D:\Maven\maven-localRepository\jakarta\annotation\jakarta.annotation-api\1.3.5\jakarta.annotation-api-1.3.5.jar;D:\Maven\maven-localRepository\org\yaml\snakeyaml\1.30\snakeyaml-1.30.jar;D:\Maven\maven-localRepository\com\zaxxer\HikariCP\4.0.3\HikariCP-4.0.3.jar;D:\Maven\maven-localRepository\org\slf4j\slf4j-api\1.7.36\slf4j-api-1.7.36.jar;D:\Maven\maven-localRepository\org\springframework\spring-jdbc\5.3.23\spring-jdbc-5.3.23.jar;D:\Maven\maven-localRepository\org\springframework\spring-beans\5.3.23\spring-beans-5.3.23.jar;D:\Maven\maven-localRepository\org\springframework\spring-tx\5.3.23\spring-tx-5.3.23.jar;D:\Maven\maven-localRepository\org\springframework\boot\spring-boot-starter-web\2.7.4\spring-boot-starter-web-2.7.4.jar;D:\Maven\maven-localRepository\org\springframework\boot\spring-boot-starter-json\2.7.4\spring-boot-starter-json-2.7.4.jar;D:\Maven\maven-localRepository\com\fasterxml\jackson\core\jackson-databind\2.13.4\jackson-databind-2.13.4.jar;D:\Maven\maven-localRepository\com\fasterxml\jackson\core\jackson-annotations\2.13.4\jackson-annotations-2.13.4.jar;D:\Maven\maven-localRepository\com\fasterxml\jackson\core\jackson-core\2.13.4\jackson-core-2.13.4.jar;D:\Maven\maven-localRepository\com\fasterxml\jackson\datatype\jackson-datatype-jdk8\2.13.4\jackson-datatype-jdk8-2.13.4.jar;D:\Maven\maven-localRepository\com\fasterxml\jackson\datatype\jackson-datatype-jsr310\2.13.4\jackson-datatype-jsr310-2.13.4.jar;D:\Maven\maven-localRepository\com\fasterxml\jackson\module\jackson-module-parameter-names\2.13.4\jackson-module-parameter-names-2.13.4.jar;D:\Maven\maven-localRepository\org\springframework\boot\spring-boot-starter-tomcat\2.7.4\spring-boot-starter-tomcat-2.7.4.jar;D:\Maven\maven-localRepository\org\apache\tomcat\embed\tomcat-embed-core\9.0.65\tomcat-embed-core-9.0.65.jar;D:\Maven\maven-localRepository\org\apache\tomcat\embed\tomcat-embed-el\9.0.65\tomcat-embed-el-9.0.65.jar;D:\Maven\maven-localRepository\org\apache\tomcat\embed\tomcat-embed-websocket\9.0.65\tomcat-embed-websocket-9.0.65.jar;D:\Maven\maven-localRepository\org\springframework\spring-web\5.3.23\spring-web-5.3.23.jar;D:\Maven\maven-localRepository\org\springframework\spring-webmvc\5.3.23\spring-webmvc-5.3.23.jar;D:\Maven\maven-localRepository\org\springframework\spring-aop\5.3.23\spring-aop-5.3.23.jar;D:\Maven\maven-localRepository\org\springframework\spring-context\5.3.23\spring-context-5.3.23.jar;D:\Maven\maven-localRepository\org\springframework\spring-expression\5.3.23\spring-expression-5.3.23.jar;D:\Maven\maven-localRepository\org\mybatis\spring\boot\mybatis-spring-boot-starter\2.2.2\mybatis-spring-boot-starter-2.2.2.jar;D:\Maven\maven-localRepository\org\mybatis\spring\boot\mybatis-spring-boot-autoconfigure\2.2.2\mybatis-spring-boot-autoconfigure-2.2.2.jar;D:\Maven\maven-localRepository\org\mybatis\mybatis\3.5.9\mybatis-3.5.9.jar;D:\Maven\maven-localRepository\org\mybatis\mybatis-spring\2.0.7\mybatis-spring-2.0.7.jar;D:\Maven\maven-localRepository\org\springframework\boot\spring-boot-devtools\2.7.4\spring-boot-devtools-2.7.4.jar;D:\Maven\maven-localRepository\org\springframework\boot\spring-boot\2.7.4\spring-boot-2.7.4.jar;D:\Maven\maven-localRepository\org\springframework\boot\spring-boot-autoconfigure\2.7.4\spring-boot-autoconfigure-2.7.4.jar;D:\Maven\maven-localRepository\mysql\mysql-connector-java\8.0.30\mysql-connector-java-8.0.30.jar;D:\Maven\maven-localRepository\org\springframework\boot\spring-boot-starter-test\2.7.4\spring-boot-starter-test-2.7.4.jar;D:\Maven\maven-localRepository\org\springframework\boot\spring-boot-test\2.7.4\spring-boot-test-2.7.4.jar;D:\Maven\maven-localRepository\org\springframework\boot\spring-boot-test-autoconfigure\2.7.4\spring-boot-test-autoconfigure-2.7.4.jar;D:\Maven\maven-localRepository\com\jayway\jsonpath\json-path\2.7.0\json-path-2.7.0.jar;D:\Maven\maven-localRepository\net\minidev\json-smart\2.4.8\json-smart-2.4.8.jar;D:\Maven\maven-localRepository\net\minidev\accessors-smart\2.4.8\accessors-smart-2.4.8.jar;D:\Maven\maven-localRepository\org\ow2\asm\asm\9.1\asm-9.1.jar;D:\Maven\maven-localRepository\jakarta\xml\bind\jakarta.xml.bind-api\2.3.3\jakarta.xml.bind-api-2.3.3.jar;D:\Maven\maven-localRepository\jakarta\activation\jakarta.activation-api\1.2.2\jakarta.activation-api-1.2.2.jar;D:\Maven\maven-localRepository\org\assertj\assertj-core\3.22.0\assertj-core-3.22.0.jar;D:\Maven\maven-localRepository\org\hamcrest\hamcrest\2.2\hamcrest-2.2.jar;D:\Maven\maven-localRepository\org\junit\jupiter\junit-jupiter\5.8.2\junit-jupiter-5.8.2.jar;D:\Maven\maven-localRepository\org\junit\jupiter\junit-jupiter-api\5.8.2\junit-jupiter-api-5.8.2.jar;D:\Maven\maven-localRepository\org\opentest4j\opentest4j\1.2.0\opentest4j-1.2.0.jar;D:\Maven\maven-localRepository\org\junit\platform\junit-platform-commons\1.8.2\junit-platform-commons-1.8.2.jar;D:\Maven\maven-localRepository\org\apiguardian\apiguardian-api\1.1.2\apiguardian-api-1.1.2.jar;D:\Maven\maven-localRepository\org\junit\jupiter\junit-jupiter-params\5.8.2\junit-jupiter-params-5.8.2.jar;D:\Maven\maven-localRepository\org\junit\jupiter\junit-jupiter-engine\5.8.2\junit-jupiter-engine-5.8.2.jar;D:\Maven\maven-localRepository\org\junit\platform\junit-platform-engine\1.8.2\junit-platform-engine-1.8.2.jar;D:\Maven\maven-localRepository\org\mockito\mockito-core\4.5.1\mockito-core-4.5.1.jar;D:\Maven\maven-localRepository\net\bytebuddy\byte-buddy\1.12.17\byte-buddy-1.12.17.jar;D:\Maven\maven-localRepository\net\bytebuddy\byte-buddy-agent\1.12.17\byte-buddy-agent-1.12.17.jar;D:\Maven\maven-localRepository\org\objenesis\objenesis\3.2\objenesis-3.2.jar;D:\Maven\maven-localRepository\org\mockito\mockito-junit-jupiter\4.5.1\mockito-junit-jupiter-4.5.1.jar;D:\Maven\maven-localRepository\org\skyscreamer\jsonassert\1.5.1\jsonassert-1.5.1.jar;D:\Maven\maven-localRepository\com\vaadin\external\google\android-json\0.0.20131108.vaadin1\android-json-0.0.20131108.vaadin1.jar;D:\Maven\maven-localRepository\org\springframework\spring-core\5.3.23\spring-core-5.3.23.jar;D:\Maven\maven-localRepository\org\springframework\spring-jcl\5.3.23\spring-jcl-5.3.23.jar;D:\Maven\maven-localRepository\org\springframework\spring-test\5.3.23\spring-test-5.3.23.jar;D:\Maven\maven-localRepository\org\xmlunit\xmlunit-core\2.9.0\xmlunit-core-2.9.0.jar;D:\Maven\maven-localRepository\org\projectlombok\lombok\1.18.24\lombok-1.18.24.jar;D:\Maven\maven-localRepository\com\baomidou\mybatis-plus-boot-starter\3.4.3.4\mybatis-plus-boot-starter-3.4.3.4.jar;D:\Maven\maven-localRepository\com\baomidou\mybatis-plus\3.4.3.4\mybatis-plus-3.4.3.4.jar;D:\Maven\maven-localRepository\com\baomidou\mybatis-plus-extension\3.4.3.4\mybatis-plus-extension-3.4.3.4.jar;D:\Maven\maven-localRepository\com\baomidou\mybatis-plus-core\3.4.3.4\mybatis-plus-core-3.4.3.4.jar;D:\Maven\maven-localRepository\com\baomidou\mybatis-plus-annotation\3.4.3.4\mybatis-plus-annotation-3.4.3.4.jar;D:\Maven\maven-localRepository\com\github\jsqlparser\jsqlparser\4.2\jsqlparser-4.2.jar;"/>
    <property name="sun.cpu.endian" value="little"/>
    <property name="user.home" value="C:\Users\Mr.Chestnut"/>
    <property name="user.language" value="zh"/>
    <property name="java.specification.vendor" value="Oracle Corporation"/>
    <property name="java.home" value="D:\JDKAndJREfor1.8\JDK8u241\jre"/>
    <property name="basedir" value="D:\IntelliJ IDEA 2019.1.3-workspaces\StateGrid\stategrid"/>
    <property name="file.separator" value="\"/>
    <property name="line.separator" value="&#10;"/>
    <property name="java.vm.specification.vendor" value="Oracle Corporation"/>
    <property name="java.specification.name" value="Java Platform API Specification"/>
    <property name="java.awt.graphicsenv" value="sun.awt.Win32GraphicsEnvironment"/>
    <property name="surefire.real.class.path" value="C:\Users\MR3E9D~1.CHE\AppData\Local\Temp\surefire3323391613606752120\surefirebooter7279577392983362948.jar"/>
    <property name="sun.boot.class.path" value="D:\JDKAndJREfor1.8\JDK8u241\jre\lib\resources.jar;D:\JDKAndJREfor1.8\JDK8u241\jre\lib\rt.jar;D:\JDKAndJREfor1.8\JDK8u241\jre\lib\sunrsasign.jar;D:\JDKAndJREfor1.8\JDK8u241\jre\lib\jsse.jar;D:\JDKAndJREfor1.8\JDK8u241\jre\lib\jce.jar;D:\JDKAndJREfor1.8\JDK8u241\jre\lib\charsets.jar;D:\JDKAndJREfor1.8\JDK8u241\jre\lib\jfr.jar;D:\JDKAndJREfor1.8\JDK8u241\jre\classes"/>
    <property name="user.script" value=""/>
    <property name="sun.management.compiler" value="HotSpot 64-Bit Tiered Compilers"/>
    <property name="java.runtime.version" value="1.8.0_241-b07"/>
    <property name="user.name" value="Mr.Chestnut"/>
    <property name="path.separator" value=";"/>
    <property name="os.version" value="10.0"/>
    <property name="java.endorsed.dirs" value="D:\JDKAndJREfor1.8\JDK8u241\jre\lib\endorsed"/>
    <property name="java.runtime.name" value="Java(TM) SE Runtime Environment"/>
    <property name="file.encoding" value="GBK"/>
    <property name="java.vm.name" value="Java HotSpot(TM) 64-Bit Server VM"/>
    <property name="localRepository" value="D:\Maven\maven-localRepository"/>
    <property name="java.vendor.url.bug" value="http://bugreport.sun.com/bugreport/"/>
    <property name="java.io.tmpdir" value="C:\Users\MR3E9D~1.CHE\AppData\Local\Temp\"/>
    <property name="java.version" value="1.8.0_241"/>
    <property name="user.dir" value="D:\IntelliJ IDEA 2019.1.3-workspaces\StateGrid\stategrid"/>
    <property name="os.arch" value="amd64"/>
    <property name="java.vm.specification.name" value="Java Virtual Machine Specification"/>
    <property name="java.awt.printerjob" value="sun.awt.windows.WPrinterJob"/>
    <property name="idea.version2019.1.3" value="true"/>
    <property name="sun.os.patch.level" value=""/>
    <property name="java.library.path" value="D:\JDKAndJREfor1.8\JDK8u241\jre\bin;C:\WINDOWS\Sun\Java\bin;C:\WINDOWS\system32;C:\WINDOWS;D:\JDKAndJREfor1.8\JDK8u241\bin;C:\Program Files (x86)\Common Files\Oracle\Java\javapath;C:\Windows\system32;C:\Windows;C:\Windows\System32\Wbem;C:\Windows\System32\WindowsPowerShell\v1.0\;C:\Windows\System32\OpenSSH\;C:\Program Files (x86)\NVIDIA Corporation\PhysX\Common;C:\WINDOWS\system32;C:\WINDOWS;C:\WINDOWS\System32\Wbem;C:\WINDOWS\System32\WindowsPowerShell\v1.0\;C:\WINDOWS\System32\OpenSSH\;D:\MySQL\mysql-5.7.27-winx64\bin;D:\Maven\apache-maven-3.6.1\bin;D:\SVN\bin;C:\ProgramData\chocolatey\bin;E:\D盘扩展\Git\cmd;D:\NodeJS\;E:\androidsdk\tools;E:\androidsdk\platform-tools;%ADB%;D:\Omnet++\MinGW\bin;;H:\GGGGG\shanchendaili\bin;D:\Anaconda3;D:\Anaconda3\Library\mingw-w64\bin;D:\Anaconda3\Library\usr\bin;D:\Anaconda3\Library\bin;D:\Anaconda3\Scripts;C:\Users\Mr.Chestnut\AppData\Local\Microsoft\WindowsApps;C:\Users\Mr.Chestnut\AppData\Local\GitHubDesktop\bin;D:\PyCharm 2020.1\bin;;C:\Users\Mr.Chestnut\AppData\Local\Microsoft\WindowsApps;D:\WebStorm-2021.1.2\WebStorm 2021.1.2\bin;;C:\Users\Mr.Chestnut\AppData\Roaming\npm;D:\IntelliJ IDEA 2019.1.3\bin;;F:\Tencent\QQGameTempest\Hall.57768\;D:\CLion 2022.2.3\bin;;."/>
    <property name="java.vm.info" value="mixed mode"/>
    <property name="java.vendor" value="Oracle Corporation"/>
    <property name="java.vm.version" value="25.241-b07"/>
    <property name="java.ext.dirs" value="D:\JDKAndJREfor1.8\JDK8u241\jre\lib\ext;C:\WINDOWS\Sun\Java\lib\ext"/>
    <property name="sun.io.unicode.encoding" value="UnicodeLittle"/>
    <property name="java.class.version" value="52.0"/>
  </properties>
  <testcase name="contextLoads" classname="com.example.stategrid.StategridApplicationTests" time="0.196"/>
</testsuite>